<?xml version="1.0" encoding="UTF-8"?>
<testng-results ignored="0" total="1" passed="1" failed="0" skipped="0">
  <reporter-output>
  </reporter-output>
  <suite started-at="2024-01-23T18:16:12 BDT" name="Default suite" finished-at="2024-01-23T18:16:21 BDT" duration-ms="9056">
    <groups>
    </groups>
    <test started-at="2024-01-23T18:16:12 BDT" name="Default test" finished-at="2024-01-23T18:16:21 BDT" duration-ms="9056">
      <class name="NewTest">
        <test-method is-config="true" signature="extentReport()[pri:0, instance:NewTest@68c9d179]" started-at="2024-01-23T18:16:11 BDT" name="extentReport" finished-at="2024-01-23T18:16:12 BDT" duration-ms="351" status="PASS">
          <reporter-output>
          </reporter-output>
        </test-method> <!-- extentReport -->
        <test-method is-config="true" signature="setUp()[pri:0, instance:NewTest@68c9d179]" started-at="2024-01-23T18:16:12 BDT" name="setUp" finished-at="2024-01-23T18:16:17 BDT" duration-ms="5775" status="PASS">
          <reporter-output>
          </reporter-output>
        </test-method> <!-- setUp -->
        <test-method signature="loginTest()[pri:0, instance:NewTest@68c9d179]" started-at="2024-01-23T18:16:17 BDT" name="loginTest" finished-at="2024-01-23T18:16:19 BDT" duration-ms="1959" status="PASS">
          <reporter-output>
          </reporter-output>
        </test-method> <!-- loginTest -->
        <test-method is-config="true" signature="tearDown()[pri:0, instance:NewTest@68c9d179]" started-at="2024-01-23T18:16:19 BDT" name="tearDown" finished-at="2024-01-23T18:16:21 BDT" duration-ms="1267" status="PASS">
          <reporter-output>
          </reporter-output>
        </test-method> <!-- tearDown -->
      </class> <!-- NewTest -->
    </test> <!-- Default test -->
  </suite> <!-- Default suite -->
</testng-results>
